<?xml version="1.0" encoding="UTF-8"?>
<!-- Generated by org.testng.reporters.JUnitReportReporter -->
<testsuite hostname="INBLRWIT2021130" name="com.spotify.oauth2.tests.PlaylistsTests" tests="5" failures="0" timestamp="1 Mar 2023 06:18:51 GMT" time="16.392" errors="0">
  <testcase name="updateAPlaylist" time="3.477" classname="com.spotify.oauth2.tests.PlaylistsTests"/>
  <testcase name="getAPlaylist" time="3.502" classname="com.spotify.oauth2.tests.PlaylistsTests"/>
  <testcase name="createAPlaylistWithExpiredToken" time="2.369" classname="com.spotify.oauth2.tests.PlaylistsTests"/>
  <testcase name="createAPlayListWithoutName" time="3.416" classname="com.spotify.oauth2.tests.PlaylistsTests"/>
  <testcase name="createAPlaylist" time="3.628" classname="com.spotify.oauth2.tests.PlaylistsTests"/>
</testsuite> <!-- com.spotify.oauth2.tests.PlaylistsTests -->
